Summer2021!
summer2021!
SUMMER2021!
Summer2021@
summer2021@
SUMMER2021@
Summer2021#
summer2021#
SUMMER2021#
Summer2021$
summer2021$
SUMMER2021$
Summer2021%
summer2021%
SUMMER2021%
Summer2021^
summer2021^
SUMMER2021^
Summer2021&
summer2021&
SUMMER2021&
Summer2021(
summer2021(
SUMMER2021(
Summer2021)
summer2021)
SUMMER2021)
Summer2021_
summer2021_
SUMMER2021_
Summer2021+
summer2021+
SUMMER2021+
Summer2021-
summer2021-
SUMMER2021-
Summer2021=
summer2021=
SUMMER2021=
Summer2021{
summer2021{
SUMMER2021{
Summer2021}
summer2021}
SUMMER2021}
Summer2021|
summer2021|
SUMMER2021|
Summer2021[
summer2021[
SUMMER2021[
Summer2021]
summer2021]
SUMMER2021]
Summer2021\
summer2021\
SUMMER2021\
Summer2021;
summer2021;
SUMMER2021;
Summer2021â
summer2021â
SUMMER2021â
Summer2021€
summer2021€
SUMMER2021€
Summer2021™
summer2021™
SUMMER2021™
Summer2021:
summer2021:
SUMMER2021:
Summer2021,
summer2021,
SUMMER2021,
Summer2021/
summer2021/
SUMMER2021/
Summer2021<
summer2021<
SUMMER2021<
Summer2021>
summer2021>
SUMMER2021>
Summer2021?
summer2021?
SUMMER2021?
Summer2021`
summer2021`
SUMMER2021`
Summer2021~
summer2021~
SUMMER2021~
Summer2021*
summer2021*
SUMMER2021*
