Winter2021!
Spring2021!
Summer2021!
Autumn2021!
Fall2021!
Winter2021@
Spring2021@
Summer2021@
Autumn2021@
Fall2021@
Winter2021#
Spring2021#
Summer2021#
Autumn2021#
Fall2021#
Winter2021$
Spring2021$
Summer2021$
Autumn2021$
Fall2021$
Winter2021%
Spring2021%
Summer2021%
Autumn2021%
Fall2021%
Winter2021^
Spring2021^
Summer2021^
Autumn2021^
Fall2021^
Winter2021&
Spring2021&
Summer2021&
Autumn2021&
Fall2021&
Winter2021(
Spring2021(
Summer2021(
Autumn2021(
Fall2021(
Winter2021)
Spring2021)
Summer2021)
Autumn2021)
Fall2021)
Winter2021_
Spring2021_
Summer2021_
Autumn2021_
Fall2021_
Winter2021+
Spring2021+
Summer2021+
Autumn2021+
Fall2021+
Winter2021-
Spring2021-
Summer2021-
Autumn2021-
Fall2021-
Winter2021=
Spring2021=
Summer2021=
Autumn2021=
Fall2021=
Winter2021{
Spring2021{
Summer2021{
Autumn2021{
Fall2021{
Winter2021}
Spring2021}
Summer2021}
Autumn2021}
Fall2021}
Winter2021|
Spring2021|
Summer2021|
Autumn2021|
Fall2021|
Winter2021[
Spring2021[
Summer2021[
Autumn2021[
Fall2021[
Winter2021]
Spring2021]
Summer2021]
Autumn2021]
Fall2021]
Winter2021\
Spring2021\
Summer2021\
Autumn2021\
Fall2021\
Winter2021;
Spring2021;
Summer2021;
Autumn2021;
Fall2021;
Winter2021â
Spring2021â
Summer2021â
Autumn2021â
Fall2021â
Winter2021€
Spring2021€
Summer2021€
Autumn2021€
Fall2021€
Winter2021™
Spring2021™
Summer2021™
Autumn2021™
Fall2021™
Winter2021:
Spring2021:
Summer2021:
Autumn2021:
Fall2021:
Winter2021,
Spring2021,
Summer2021,
Autumn2021,
Fall2021,
Winter2021/
Spring2021/
Summer2021/
Autumn2021/
Fall2021/
Winter2021<
Spring2021<
Summer2021<
Autumn2021<
Fall2021<
Winter2021>
Spring2021>
Summer2021>
Autumn2021>
Fall2021>
Winter2021?
Spring2021?
Summer2021?
Autumn2021?
Fall2021?
Winter2021`
Spring2021`
Summer2021`
Autumn2021`
Fall2021`
Winter2021~
Spring2021~
Summer2021~
Autumn2021~
Fall2021~
Winter2021*
Spring2021*
Summer2021*
Autumn2021*
Fall2021*
